<?xml version="1.0" encoding="UTF-8"?>
<testng-results ignored="0" total="1" passed="1" failed="0" skipped="0">
  <reporter-output>
  </reporter-output>
  <suite started-at="2025-06-25T13:31:43 IST" name="Default suite" finished-at="2025-06-25T13:31:50 IST" duration-ms="6336">
    <groups>
    </groups>
    <test started-at="2025-06-25T13:31:43 IST" name="Default test" finished-at="2025-06-25T13:31:50 IST" duration-ms="6336">
      <class name="com.Window_Alert_Frame.WebTableHandling">
        <test-method signature="staticTableAutomation()[pri:0, instance:com.Window_Alert_Frame.WebTableHandling@188715b5]" started-at="2025-06-25T13:31:43 IST" name="staticTableAutomation" finished-at="2025-06-25T13:31:50 IST" duration-ms="6282" status="PASS">
          <reporter-output>
          </reporter-output>
        </test-method> <!-- staticTableAutomation -->
      </class> <!-- com.Window_Alert_Frame.WebTableHandling -->
    </test> <!-- Default test -->
  </suite> <!-- Default suite -->
</testng-results>
