<?xml version="1.0" encoding="UTF-8"?>
<testng-results ignored="0" total="1" passed="1" failed="0" skipped="0">
  <reporter-output>
  </reporter-output>
  <suite started-at="2025-04-27T14:55:23 IST" name="Default suite" finished-at="2025-04-27T14:55:28 IST" duration-ms="4827">
    <groups>
    </groups>
    <test started-at="2025-04-27T14:55:23 IST" name="Default test" finished-at="2025-04-27T14:55:28 IST" duration-ms="4827">
      <class name="com.WebTesting.BrowserCommands">
        <test-method signature="testBrowserCommands()[pri:0, instance:com.WebTesting.BrowserCommands@188715b5]" started-at="2025-04-27T14:55:23 IST" name="testBrowserCommands" finished-at="2025-04-27T14:55:28 IST" duration-ms="4775" status="PASS">
          <reporter-output>
          </reporter-output>
        </test-method> <!-- testBrowserCommands -->
      </class> <!-- com.WebTesting.BrowserCommands -->
    </test> <!-- Default test -->
  </suite> <!-- Default suite -->
</testng-results>
