<?xml version="1.0" encoding="UTF-8"?>
<!-- Generated by org.testng.reporters.JUnitReportReporter -->
<testsuite hostname="LAPTOP-5KMFOFH9" failures="0" tests="1" name="com.Window_Alert_Frame.NestedFrameHandlingInternetApp" time="3.971" errors="0" timestamp="2025-06-25T13:12:15 IST" skipped="0">
  <testcase classname="com.Window_Alert_Frame.NestedFrameHandlingInternetApp" name="testNestedFrame" time="3.971"/>
  <system-out/>
</testsuite> <!-- com.Window_Alert_Frame.NestedFrameHandlingInternetApp -->
