<?xml version="1.0" encoding="UTF-8"?>
<!-- Generated by org.testng.reporters.JUnitReportReporter -->
<testsuite hostname="LAPTOP-5KMFOFH9" failures="0" tests="1" name="com.JavascriptExecutor.JavaScriptExecutorDemo1_BasicScenario" time="13.089" errors="0" timestamp="2025-07-04T14:23:46 IST" skipped="0">
  <testcase classname="com.JavascriptExecutor.JavaScriptExecutorDemo1_BasicScenario" name="testInterface" time="13.089"/>
  <system-out/>
</testsuite> <!-- com.JavascriptExecutor.JavaScriptExecutorDemo1_BasicScenario -->
