<?xml version="1.0" encoding="UTF-8"?>
<!-- Generated by org.testng.reporters.JUnitReportReporter -->
<testsuite hostname="LAPTOP-5KMFOFH9" failures="0" tests="1" name="com.Window_Alert_Frame.AuthenticationWindowAutomation" time="6.489" errors="0" timestamp="2025-06-21T14:00:32 IST" skipped="0">
  <testcase classname="com.Window_Alert_Frame.AuthenticationWindowAutomation" name="testAuthenticationpopup" time="6.489"/>
  <system-out/>
</testsuite> <!-- com.Window_Alert_Frame.AuthenticationWindowAutomation -->
