<?xml version="1.0" encoding="UTF-8"?>
<!-- Generated by org.testng.reporters.JUnitReportReporter -->
<testsuite hostname="LAPTOP-5KMFOFH9" failures="0" tests="1" name="com.Window_Alert_Frame.CalendarAutomationDemo1_updated" time="7.105" errors="0" timestamp="2025-07-02T12:13:03 IST" skipped="0">
  <testcase classname="com.Window_Alert_Frame.CalendarAutomationDemo1_updated" name="testDatePicker" time="7.105"/>
  <system-out/>
</testsuite> <!-- com.Window_Alert_Frame.CalendarAutomationDemo1_updated -->
