<?xml version="1.0" encoding="UTF-8"?>
<!-- Generated by org.testng.reporters.JUnitReportReporter -->
<testsuite hostname="LAPTOP-5KMFOFH9" failures="0" tests="1" name="com.Window_Alert_Frame.MultipleWindowExpantestingDemo" time="8.017" errors="0" timestamp="2025-06-19T12:16:36 IST" skipped="0">
  <testcase classname="com.Window_Alert_Frame.MultipleWindowExpantestingDemo" name="testWindow" time="8.017"/>
  <system-out/>
</testsuite> <!-- com.Window_Alert_Frame.MultipleWindowExpantestingDemo -->
