<?xml version="1.0" encoding="UTF-8"?>
<!-- Generated by org.testng.reporters.JUnitReportReporter -->
<testsuite hostname="LAPTOP-5KMFOFH9" failures="0" tests="1" name="com.Window_Alert_Frame.MultipleWindowHandlingAutomationblog" time="7.136" errors="0" timestamp="2025-06-19T12:38:38 IST" skipped="0">
  <testcase classname="com.Window_Alert_Frame.MultipleWindowHandlingAutomationblog" name="testMultipleWindow" time="7.136"/>
  <system-out/>
</testsuite> <!-- com.Window_Alert_Frame.MultipleWindowHandlingAutomationblog -->
